-------------------------------------------------------------------------------------------------------------
      name:  <unnamed>
       log:  H:\GitHub\aem\ps2\ps2.log
  log type:  text
 opened on:   1 Nov 2016, 23:43:48

. /****************************************************************************
> Program Name:   ps2.do
> Location:       GitHub\aem\ps2
> Author:         Maxwell Austensen
> Date Created:   31 Oct 2016
> Project:        Problem Set 2 - Instrumental Variables
> Class:          Advanced Empirical Methods
> ****************************************************************************/
. 
. clear all

. clear matrix

. macro drop _all

. set more off, perm
(set more preference recorded)

. set maxvar 10000


. 
. global root "C:\Users\austensen\Box Sync\aem"

. 
. 
. * Part 1
. *********
. 
. sysuse auto, clear
(1978 Automobile Data)

. ivreg price (mpg = displacement),first

First-stage regressions
-----------------------

      Source |       SS           df       MS      Number of obs   =        74
-------------+----------------------------------   F(1, 72)        =     71.41
       Model |  1216.67534         1  1216.67534   Prob > F        =    0.0000
    Residual |  1226.78412        72  17.0386683   R-squared       =    0.4979
-------------+----------------------------------   Adj R-squared   =    0.4910
       Total |  2443.45946        73  33.4720474   Root MSE        =    4.1278

------------------------------------------------------------------------------
         mpg |      Coef.   Std. Err.      t    P>|t|     [95% Conf. Interval]
-------------+----------------------------------------------------------------
displacement |  -.0444536   .0052606    -8.45   0.000    -.0549405   -.0339668
       _cons |   30.06788   1.143462    26.30   0.000     27.78843    32.34733
------------------------------------------------------------------------------


Instrumental variables (2SLS) regression

      Source |       SS           df       MS      Number of obs   =        74
-------------+----------------------------------   F(1, 72)        =     21.13
       Model |   105028215         1   105028215   Prob > F        =    0.0000
    Residual |   530037181        72  7361627.51   R-squared       =    0.1654
-------------+----------------------------------   Adj R-squared   =    0.1538
       Total |   635065396        73  8699525.97   Root MSE        =    2713.2

------------------------------------------------------------------------------
       price |      Coef.   Std. Err.      t    P>|t|     [95% Conf. Interval]
-------------+----------------------------------------------------------------
         mpg |  -357.5834   77.78566    -4.60   0.000    -512.6463   -202.5205
       _cons |   13780.82   1686.382     8.17   0.000     10419.08    17142.56
------------------------------------------------------------------------------
Instrumented:  mpg
Instruments:   displacement
------------------------------------------------------------------------------

. 
. qui {

. di (b * dis_sd)/mpg_sd
-.70564259

. 
. 
. * Set up data
. **************
. 
. use "$root\ps2\generateddata_20120221_sub.dta", clear

. 
. #delimit ;
delimiter now ;
. rename 
>         (NIC_io
>         Total_worker
>         Yearly_gva_production_real
>         lnYearly_gva
>         labor_reg_besley_flex2
>         manufacturing_total
>         allmanufacturing
>         manshare)
>         (nic_io
>         workers_total
>         gva_yearly
>         gva_ln_yearly
>         labor_reg
>         manu_total
>         manu_all
>         manu_share);

. keep 
>         nic_io
>         workers_total
>         gva_yearly
>         gva_ln_yearly
>         labor_reg
>         manu_total
>         state
>         round
>         post
>         labor_manu
>         manu_post
>         manu_post_share
>         labor_manu_share
>         manu_all
>         manu_share;

. #delimit cr;
delimiter now cr
. 
. 
. * Part 2
. *********
. qui{

. 
. di "Summary stats - Full Sample"
Summary stats - Full Sample

. matrix list sum_full

sum_full[2,5]
      gva_ln_yea~y     labor_reg      manu_all    manu_total    manu_share
mean     12.509704     .49582453     7.8292423     2.6845689      .0684644
  sd      1.344549     .49999123     4.5256091     1.8300772     .13283238

. 
. di "Summary stats - Round 57"
Summary stats - Round 57

. matrix list sum_57

sum_57[2,5]
      gva_ln_yea~y     labor_reg      manu_all    manu_total    manu_share
mean     12.400266     .46058209     7.6397854     2.6528597     .06928194
  sd     1.1973546     .49845554     4.5469403     1.8116154      .1341951

. 
. di "Summary stats - Round 63"
Summary stats - Round 63

. matrix list sum_63

sum_63[2,5]
      gva_ln_yea~y     labor_reg      manu_all    manu_total    manu_share
mean     12.815545     .59396721     8.3568395     2.7728722     .06618772
  sd     1.6512882     .49112299     4.4234011     1.8778356     .12894298

. 
. 
. 
. qui{

. 
. di "Growth in GVA, round 57 to 63 = "(mean_63 - mean_57)/ mean_57
Growth in GVA, round 57 to 63 = 43.08934

. 
. qui{

. 
. di "Growth in employees, round 57 to 63 = "(mean_63 - mean_57) / mean_57
Growth in employees, round 57 to 63 = 3.7407331

. 
. 
. * Part 3
. *********
. eststo clear

. 
. * a
. eststo: reg gva_ln_yearly labor_reg if round==57

      Source |       SS           df       MS      Number of obs   =    21,097
-------------+----------------------------------   F(1, 21095)     =    481.98
       Model |  675.590141         1  675.590141   Prob > F        =    0.0000
    Residual |  29568.8622    21,095  1.40170003   R-squared       =    0.0223
-------------+----------------------------------   Adj R-squared   =    0.0223
       Total |  30244.4523    21,096  1.43365815   Root MSE        =    1.1839

------------------------------------------------------------------------------
gva_ln_yea~y |      Coef.   Std. Err.      t    P>|t|     [95% Conf. Interval]
-------------+----------------------------------------------------------------
   labor_reg |   .3589767   .0163513    21.95   0.000     .3269269    .3910265
       _cons |   12.23467   .0111056  1101.66   0.000      12.2129    12.25644
------------------------------------------------------------------------------
(est1 stored)

. 
. * b
. eststo: reg gva_ln_yearly labor_reg if round==63

      Source |       SS           df       MS      Number of obs   =     7,549
-------------+----------------------------------   F(1, 7547)      =    371.90
       Model |  966.577415         1  966.577415   Prob > F        =    0.0000
    Residual |   19614.953     7,547  2.59903975   R-squared       =    0.0470
-------------+----------------------------------   Adj R-squared   =    0.0468
       Total |  20581.5304     7,548  2.72675284   Root MSE        =    1.6122

------------------------------------------------------------------------------
gva_ln_yea~y |      Coef.   Std. Err.      t    P>|t|     [95% Conf. Interval]
-------------+----------------------------------------------------------------
   labor_reg |    .728681   .0377855    19.28   0.000     .6546108    .8027511
       _cons |   12.38262   .0291247   425.16   0.000     12.32553    12.43971
------------------------------------------------------------------------------
(est2 stored)

. 
. * c
. 
. gen round_63 = 1 if round==63
(21,234 missing values generated)

. recode round_63 missing = 0
(round_63: 21234 changes made)

. 
. eststo: reg gva_ln_yearly labor_reg round_63

      Source |       SS           df       MS      Number of obs   =    28,646
-------------+----------------------------------   F(2, 28643)     =    700.95
       Model |  2416.27762         2  1208.13881   Prob > F        =    0.0000
    Residual |  49368.4998    28,643  1.72357992   R-squared       =    0.0467
-------------+----------------------------------   Adj R-squared   =    0.0466
       Total |  51784.7774    28,645  1.80781209   Root MSE        =    1.3129

------------------------------------------------------------------------------
gva_ln_yea~y |      Coef.   Std. Err.      t    P>|t|     [95% Conf. Interval]
-------------+----------------------------------------------------------------
   labor_reg |   .4542618   .0156214    29.08   0.000     .4236432    .4848805
    round_63 |   .3549434   .0177291    20.02   0.000     .3201935    .3896933
       _cons |   12.19072   .0115597  1054.59   0.000     12.16806    12.21337
------------------------------------------------------------------------------
(est3 stored)

. 
. * d
. 
. gen labor_reg_round_63 = 1 if labor_reg==1 & round==63
(24,330 missing values generated)

. recode labor_reg_round_63 missing = 0
(labor_reg_round_63: 24330 changes made)

. 
. eststo: reg gva_ln_yearly labor_reg round_63 labor_reg_round_63

      Source |       SS           df       MS      Number of obs   =    28,646
-------------+----------------------------------   F(3, 28642)     =    504.89
       Model |  2600.96221         3  866.987403   Prob > F        =    0.0000
    Residual |  49183.8152    28,642  1.71719207   R-squared       =    0.0502
-------------+----------------------------------   Adj R-squared   =    0.0501
       Total |  51784.7774    28,645  1.80781209   Root MSE        =    1.3104

------------------------------------------------------------------------------------
     gva_ln_yearly |      Coef.   Std. Err.      t    P>|t|     [95% Conf. Interval]
-------------------+----------------------------------------------------------------
         labor_reg |   .3589767   .0180981    19.84   0.000     .3235035    .3944499
          round_63 |   .1479511   .0266746     5.55   0.000     .0956676    .2002347
labor_reg_round_63 |   .3697043   .0356491    10.37   0.000     .2998304    .4395782
             _cons |   12.23467   .0122921   995.33   0.000     12.21058    12.25876
------------------------------------------------------------------------------------
(est4 stored)

. 
. * e
. eststo: xi: reg gva_ln_yearly labor_reg round_63 i.state i.nic_io
i.state           _Istate_1-15        (_Istate_1 for state==Andhra Pradesh omitted)
i.nic_io          _Inic_io_1-9        (naturally coded; _Inic_io_1 omitted)
note: _Istate_10 omitted because of collinearity

      Source |       SS           df       MS      Number of obs   =    25,487
-------------+----------------------------------   F(22, 25464)    =    170.57
       Model |  5336.65805        22  242.575366   Prob > F        =    0.0000
    Residual |   36213.429    25,464   1.4221422   R-squared       =    0.1284
-------------+----------------------------------   Adj R-squared   =    0.1277
       Total |   41550.087    25,486  1.63031025   Root MSE        =    1.1925

------------------------------------------------------------------------------
gva_ln_yea~y |      Coef.   Std. Err.      t    P>|t|     [95% Conf. Interval]
-------------+----------------------------------------------------------------
   labor_reg |   .4326174   .0559168     7.74   0.000     .3230172    .5422175
    round_63 |    .309761   .0172049    18.00   0.000     .2760383    .3434837
   _Istate_2 |   .2529627   .0701324     3.61   0.000     .1154992    .3904261
   _Istate_3 |   .0208198   .0602346     0.35   0.730    -.0972434     .138883
   _Istate_4 |   .1814481   .0448353     4.05   0.000     .0935683     .269328
   _Istate_5 |   .4704553    .069493     6.77   0.000      .334245    .6066656
   _Istate_6 |   .2225995   .0411351     5.41   0.000     .1419723    .3032267
   _Istate_7 |   .7947365   .0601193    13.22   0.000     .6768993    .9125737
   _Istate_8 |   .0915145   .0577742     1.58   0.113    -.0217262    .2047551
   _Istate_9 |   .4909132   .0296981    16.53   0.000     .4327033    .5491231
  _Istate_10 |          0  (omitted)
  _Istate_11 |   .5281445    .064638     8.17   0.000     .4014503    .6548386
  _Istate_12 |  -.0288618   .0447309    -0.65   0.519     -.116537    .0588134
  _Istate_13 |   .0167024   .0346747     0.48   0.630     -.051262    .0846668
  _Istate_14 |   .0872954    .054672     1.60   0.110    -.0198649    .1944556
  _Istate_15 |   .2984166   .0566935     5.26   0.000     .1872941    .4095391
  _Inic_io_2 |  -.2378528   .0835466    -2.85   0.004     -.401609   -.0740966
  _Inic_io_3 |   .1058214   .0855346     1.24   0.216    -.0618314    .2734741
  _Inic_io_4 |   -.537268   .0903102    -5.95   0.000     -.714281   -.3602549
  _Inic_io_6 |  -.9057063   .0791302   -11.45   0.000    -1.060806   -.7506066
  _Inic_io_7 |  -.6176431   .1059477    -5.83   0.000    -.8253067   -.4099795
  _Inic_io_8 |  -.7745794   .0792579    -9.77   0.000    -.9299294   -.6192293
  _Inic_io_9 |  -.3502367   .0812825    -4.31   0.000    -.5095552   -.1909183
       _cons |   12.69598   .0929504   136.59   0.000     12.51379    12.87817
------------------------------------------------------------------------------
(est5 stored)

. 
. 
. eststo: xi: reg gva_ln_yearly labor_reg round_63 labor_reg_round_63 i.state i.nic_io
i.state           _Istate_1-15        (_Istate_1 for state==Andhra Pradesh omitted)
i.nic_io          _Inic_io_1-9        (naturally coded; _Inic_io_1 omitted)
note: _Istate_10 omitted because of collinearity

      Source |       SS           df       MS      Number of obs   =    25,487
-------------+----------------------------------   F(23, 25463)    =    167.39
       Model |  5457.19743        23  237.269453   Prob > F        =    0.0000
    Residual |  36092.8896    25,463  1.41746415   R-squared       =    0.1313
-------------+----------------------------------   Adj R-squared   =    0.1306
       Total |   41550.087    25,486  1.63031025   Root MSE        =    1.1906

------------------------------------------------------------------------------------
     gva_ln_yearly |      Coef.   Std. Err.      t    P>|t|     [95% Conf. Interval]
-------------------+----------------------------------------------------------------
         labor_reg |   .3454636   .0566191     6.10   0.000     .2344869    .4564403
          round_63 |   .1311318   .0258893     5.07   0.000     .0803872    .1818764
labor_reg_round_63 |   .3183973   .0345272     9.22   0.000     .2507221    .3860725
         _Istate_2 |     .25846   .0700195     3.69   0.000     .1212179    .3957022
         _Istate_3 |   .0008851   .0601743     0.01   0.988    -.1170599    .1188301
         _Istate_4 |   .1751594   .0447667     3.91   0.000     .0874141    .2629048
         _Istate_5 |   .4772233   .0693825     6.88   0.000     .3412296     .613217
         _Istate_6 |   .2243203   .0410678     5.46   0.000      .143825    .3048156
         _Istate_7 |   .7851606   .0600293    13.08   0.000     .6674998    .9028214
         _Istate_8 |   .0920476   .0576791     1.60   0.111    -.0210067    .2051019
         _Istate_9 |   .4952132   .0296528    16.70   0.000      .437092    .5533345
        _Istate_10 |          0  (omitted)
        _Istate_11 |    .535179   .0645361     8.29   0.000     .4086845    .6616734
        _Istate_12 |  -.0215123   .0446644    -0.48   0.630    -.1090571    .0660325
        _Istate_13 |   .0109292   .0346233     0.32   0.752    -.0569344    .0787928
        _Istate_14 |   .0797085   .0545882     1.46   0.144    -.0272875    .1867046
        _Istate_15 |   .2944156   .0566018     5.20   0.000     .1834728    .4053584
        _Inic_io_2 |  -.2213969   .0834282    -2.65   0.008    -.3849209   -.0578728
        _Inic_io_3 |    .111089   .0853957     1.30   0.193    -.0562915    .2784695
        _Inic_io_4 |  -.5276315   .0901676    -5.85   0.000    -.7043651    -.350898
        _Inic_io_6 |  -.8920123   .0790139   -11.29   0.000    -1.046884   -.7371405
        _Inic_io_7 |  -.6142783    .105774    -5.81   0.000    -.8216013   -.4069553
        _Inic_io_8 |  -.7619446   .0791393    -9.63   0.000    -.9170622   -.6068271
        _Inic_io_9 |  -.3346164   .0811664    -4.12   0.000    -.4937073   -.1755256
             _cons |   12.72572   .0928535   137.05   0.000     12.54372    12.90772
------------------------------------------------------------------------------------
(est6 stored)

. 
. 
. esttab

------------------------------------------------------------------------------------------------------------
                      (1)             (2)             (3)             (4)             (5)             (6)   
             gva_ln_yea~y    gva_ln_yea~y    gva_ln_yea~y    gva_ln_yea~y    gva_ln_yea~y    gva_ln_yea~y   
------------------------------------------------------------------------------------------------------------
labor_reg           0.359***        0.729***        0.454***        0.359***        0.433***        0.345***
                  (21.95)         (19.28)         (29.08)         (19.84)          (7.74)          (6.10)   

round_63                                            0.355***        0.148***        0.310***        0.131***
                                                  (20.02)          (5.55)         (18.00)          (5.07)   

labor_reg~63                                                        0.370***                        0.318***
                                                                  (10.37)                          (9.22)   

_Istate_2                                                                           0.253***        0.258***
                                                                                   (3.61)          (3.69)   

_Istate_3                                                                          0.0208        0.000885   
                                                                                   (0.35)          (0.01)   

_Istate_4                                                                           0.181***        0.175***
                                                                                   (4.05)          (3.91)   

_Istate_5                                                                           0.470***        0.477***
                                                                                   (6.77)          (6.88)   

_Istate_6                                                                           0.223***        0.224***
                                                                                   (5.41)          (5.46)   

_Istate_7                                                                           0.795***        0.785***
                                                                                  (13.22)         (13.08)   

_Istate_8                                                                          0.0915          0.0920   
                                                                                   (1.58)          (1.60)   

_Istate_9                                                                           0.491***        0.495***
                                                                                  (16.53)         (16.70)   

_Istate_10                                                                              0               0   
                                                                                      (.)             (.)   

_Istate_11                                                                          0.528***        0.535***
                                                                                   (8.17)          (8.29)   

_Istate_12                                                                        -0.0289         -0.0215   
                                                                                  (-0.65)         (-0.48)   

_Istate_13                                                                         0.0167          0.0109   
                                                                                   (0.48)          (0.32)   

_Istate_14                                                                         0.0873          0.0797   
                                                                                   (1.60)          (1.46)   

_Istate_15                                                                          0.298***        0.294***
                                                                                   (5.26)          (5.20)   

_Inic_io_2                                                                         -0.238**        -0.221** 
                                                                                  (-2.85)         (-2.65)   

_Inic_io_3                                                                          0.106           0.111   
                                                                                   (1.24)          (1.30)   

_Inic_io_4                                                                         -0.537***       -0.528***
                                                                                  (-5.95)         (-5.85)   

_Inic_io_6                                                                         -0.906***       -0.892***
                                                                                 (-11.45)        (-11.29)   

_Inic_io_7                                                                         -0.618***       -0.614***
                                                                                  (-5.83)         (-5.81)   

_Inic_io_8                                                                         -0.775***       -0.762***
                                                                                  (-9.77)         (-9.63)   

_Inic_io_9                                                                         -0.350***       -0.335***
                                                                                  (-4.31)         (-4.12)   

_cons               12.23***        12.38***        12.19***        12.23***        12.70***        12.73***
                (1101.66)        (425.16)       (1054.59)        (995.33)        (136.59)        (137.05)   
------------------------------------------------------------------------------------------------------------
N                   21097            7549           28646           28646           25487           25487   
------------------------------------------------------------------------------------------------------------
t statistics in parentheses
* p<0.05, ** p<0.01, *** p<0.001

. 
. 
. * Part 4
. *********
. 
. eststo clear

. 
. eststo: reg gva_ln_yearly manu_all manu_post post

      Source |       SS           df       MS      Number of obs   =    28,646
-------------+----------------------------------   F(3, 28642)     =    281.81
       Model |  1484.68925         3  494.896416   Prob > F        =    0.0000
    Residual |  50300.0881    28,642  1.75616536   R-squared       =    0.0287
-------------+----------------------------------   Adj R-squared   =    0.0286
       Total |  51784.7774    28,645  1.80781209   Root MSE        =    1.3252

------------------------------------------------------------------------------
gva_ln_yea~y |      Coef.   Std. Err.      t    P>|t|     [95% Conf. Interval]
-------------+----------------------------------------------------------------
    manu_all |   .0227438   .0020088    11.32   0.000     .0188064    .0266813
   manu_post |   .0222353   .0039809     5.59   0.000     .0144325    .0300381
        post |   .2127984   .0371122     5.73   0.000     .1400567    .2855402
       _cons |   12.22659    .017848   685.04   0.000     12.19161    12.26157
------------------------------------------------------------------------------
(est1 stored)

. 
. * a
. eststo: reg gva_ln_yearly manu_all manu_post post labor_reg

      Source |       SS           df       MS      Number of obs   =    28,646
-------------+----------------------------------   F(4, 28641)     =    365.60
       Model |  2515.67265         4  628.918162   Prob > F        =    0.0000
    Residual |  49269.1047    28,641  1.72022991   R-squared       =    0.0486
-------------+----------------------------------   Adj R-squared   =    0.0484
       Total |  51784.7774    28,645  1.80781209   Root MSE        =    1.3116

------------------------------------------------------------------------------
gva_ln_yea~y |      Coef.   Std. Err.      t    P>|t|     [95% Conf. Interval]
-------------+----------------------------------------------------------------
    manu_all |   .0033779   .0021398     1.58   0.114    -.0008161     .007572
   manu_post |   .0229049   .0039401     5.81   0.000     .0151821    .0306277
        post |   .1654827   .0367814     4.50   0.000     .0933895    .2375759
   labor_reg |   .4200412   .0171577    24.48   0.000     .3864113    .4536712
       _cons |   12.18071   .0177636   685.71   0.000     12.14589    12.21553
------------------------------------------------------------------------------
(est2 stored)

. 
. * b
. gen labor_reg_post = labor_reg * post

. 
. eststo: reg gva_ln_yearly manu_all manu_post post labor_reg labor_reg_post

      Source |       SS           df       MS      Number of obs   =    28,646
-------------+----------------------------------   F(5, 28640)     =    308.82
       Model |  2649.14551         5  529.829102   Prob > F        =    0.0000
    Residual |  49135.6319    28,640   1.7156296   R-squared       =    0.0512
-------------+----------------------------------   Adj R-squared   =    0.0510
       Total |  51784.7774    28,645  1.80781209   Root MSE        =    1.3098

--------------------------------------------------------------------------------
 gva_ln_yearly |      Coef.   Std. Err.      t    P>|t|     [95% Conf. Interval]
---------------+----------------------------------------------------------------
      manu_all |   .0075202   .0021879     3.44   0.001     .0032318    .0118086
     manu_post |   .0074466   .0043075     1.73   0.084    -.0009963    .0158894
          post |   .0992591   .0374916     2.65   0.008     .0257737    .1727445
     labor_reg |   .3301961   .0199338    16.56   0.000     .2911249    .3692673
labor_reg_post |   .3440773   .0390096     8.82   0.000     .2676167    .4205379
         _cons |   12.19052   .0177747   685.84   0.000     12.15568    12.22536
--------------------------------------------------------------------------------
(est3 stored)

. 
. * c
. eststo: xi: reg gva_ln_yearly manu_all manu_post post labor_reg labor_reg_post i.state i.nic_io
i.state           _Istate_1-15        (_Istate_1 for state==Andhra Pradesh omitted)
i.nic_io          _Inic_io_1-9        (naturally coded; _Inic_io_1 omitted)
note: _Istate_8 omitted because of collinearity
note: _Istate_10 omitted because of collinearity

      Source |       SS           df       MS      Number of obs   =    25,487
-------------+----------------------------------   F(24, 25462)    =    160.85
       Model |  5470.29486        24  227.928953   Prob > F        =    0.0000
    Residual |  36079.7922    25,462  1.41700543   R-squared       =    0.1317
-------------+----------------------------------   Adj R-squared   =    0.1308
       Total |   41550.087    25,486  1.63031025   Root MSE        =    1.1904

--------------------------------------------------------------------------------
 gva_ln_yearly |      Coef.   Std. Err.      t    P>|t|     [95% Conf. Interval]
---------------+----------------------------------------------------------------
      manu_all |   -.006385    .002293    -2.78   0.005    -.0108794   -.0018906
     manu_post |    .012834   .0042214     3.04   0.002     .0045598    .0211081
          post |   .0528024   .0365217     1.45   0.148    -.0187823    .1243871
     labor_reg |   .2981472   .0363021     8.21   0.000      .226993    .3693015
labor_reg_post |   .2711293   .0378611     7.16   0.000     .1969194    .3453392
     _Istate_2 |   .2044202    .055571     3.68   0.000     .0954978    .3133427
     _Istate_3 |  -.0776227   .0409746    -1.89   0.058    -.1579353    .0026899
     _Istate_4 |   .1890522   .0473053     4.00   0.000     .0963311    .2817732
     _Istate_5 |   .4197155   .0542737     7.73   0.000      .313336     .526095
     _Istate_6 |   .2234781   .0410638     5.44   0.000     .1429907    .3039656
     _Istate_7 |   .7193401   .0407986    17.63   0.000     .6393726    .7993076
     _Istate_8 |          0  (omitted)
     _Istate_9 |   .5020326   .0302029    16.62   0.000     .4428332     .561232
    _Istate_10 |          0  (omitted)
    _Istate_11 |   .4706317   .0472304     9.96   0.000     .3780575    .5632059
    _Istate_12 |  -.0260995   .0447126    -0.58   0.559    -.1137388    .0615397
    _Istate_13 |   .0164391   .0350032     0.47   0.639    -.0521692    .0850473
    _Istate_14 |   .0123481   .0321125     0.38   0.701    -.0505942    .0752904
    _Istate_15 |   .2293063   .0356198     6.44   0.000     .1594895    .2991231
    _Inic_io_2 |  -.2207253    .083415    -2.65   0.008    -.3842234   -.0572271
    _Inic_io_3 |   .1106954    .085382     1.30   0.195    -.0566583     .278049
    _Inic_io_4 |  -.5263022    .090154    -5.84   0.000    -.7030093   -.3495952
    _Inic_io_6 |  -.8913558   .0790014   -11.28   0.000    -1.046203   -.7365085
    _Inic_io_7 |  -.6134986   .1057571    -5.80   0.000    -.8207887   -.4062086
    _Inic_io_8 |  -.7614502   .0791267    -9.62   0.000     -.916543   -.6063574
    _Inic_io_9 |  -.3337627   .0811538    -4.11   0.000    -.4928288   -.1746967
         _cons |   12.83031    .082053   156.37   0.000     12.66948    12.99114
--------------------------------------------------------------------------------
(est4 stored)

. 
. esttab

----------------------------------------------------------------------------
                      (1)             (2)             (3)             (4)   
             gva_ln_yea~y    gva_ln_yea~y    gva_ln_yea~y    gva_ln_yea~y   
----------------------------------------------------------------------------
manu_all           0.0227***      0.00338         0.00752***     -0.00638** 
                  (11.32)          (1.58)          (3.44)         (-2.78)   

manu_post          0.0222***       0.0229***      0.00745          0.0128** 
                   (5.59)          (5.81)          (1.73)          (3.04)   

post                0.213***        0.165***       0.0993**        0.0528   
                   (5.73)          (4.50)          (2.65)          (1.45)   

labor_reg                           0.420***        0.330***        0.298***
                                  (24.48)         (16.56)          (8.21)   

labor_reg_~t                                        0.344***        0.271***
                                                   (8.82)          (7.16)   

_Istate_2                                                           0.204***
                                                                   (3.68)   

_Istate_3                                                         -0.0776   
                                                                  (-1.89)   

_Istate_4                                                           0.189***
                                                                   (4.00)   

_Istate_5                                                           0.420***
                                                                   (7.73)   

_Istate_6                                                           0.223***
                                                                   (5.44)   

_Istate_7                                                           0.719***
                                                                  (17.63)   

_Istate_8                                                               0   
                                                                      (.)   

_Istate_9                                                           0.502***
                                                                  (16.62)   

_Istate_10                                                              0   
                                                                      (.)   

_Istate_11                                                          0.471***
                                                                   (9.96)   

_Istate_12                                                        -0.0261   
                                                                  (-0.58)   

_Istate_13                                                         0.0164   
                                                                   (0.47)   

_Istate_14                                                         0.0123   
                                                                   (0.38)   

_Istate_15                                                          0.229***
                                                                   (6.44)   

_Inic_io_2                                                         -0.221** 
                                                                  (-2.65)   

_Inic_io_3                                                          0.111   
                                                                   (1.30)   

_Inic_io_4                                                         -0.526***
                                                                  (-5.84)   

_Inic_io_6                                                         -0.891***
                                                                 (-11.28)   

_Inic_io_7                                                         -0.613***
                                                                  (-5.80)   

_Inic_io_8                                                         -0.761***
                                                                  (-9.62)   

_Inic_io_9                                                         -0.334***
                                                                  (-4.11)   

_cons               12.23***        12.18***        12.19***        12.83***
                 (685.04)        (685.71)        (685.84)        (156.37)   
----------------------------------------------------------------------------
N                   28646           28646           28646           25487   
----------------------------------------------------------------------------
t statistics in parentheses
* p<0.05, ** p<0.01, *** p<0.001

. 
. 
. * Part 5
. *********
. 
. eststo clear

. * a
. eststo: ivreg gva_ln_yearly (manu_all = labor_reg), first robust

First-stage regressions
-----------------------

      Source |       SS           df       MS      Number of obs   =    28,646
-------------+----------------------------------   F(1, 28644)     =   6130.84
       Model |  103452.173         1  103452.173   Prob > F        =    0.0000
    Residual |  483340.668    28,644  16.8740633   R-squared       =    0.1763
-------------+----------------------------------   Adj R-squared   =    0.1763
       Total |  586792.841    28,645  20.4850006   Root MSE        =    4.1078

------------------------------------------------------------------------------
    manu_all |      Coef.   Std. Err.      t    P>|t|     [95% Conf. Interval]
-------------+----------------------------------------------------------------
   labor_reg |   3.800841   .0485422    78.30   0.000     3.705696    3.895986
       _cons |   5.941292   .0341973   173.74   0.000     5.874264     6.00832
------------------------------------------------------------------------------


Instrumental variables (2SLS) regression        Number of obs     =     28,646
                                                F(1, 28644)       =     869.19
                                                Prob > F          =     0.0000
                                                R-squared         =          .
                                                Root MSE          =     1.4089

------------------------------------------------------------------------------
             |               Robust
gva_ln_yea~y |      Coef.   Std. Err.      t    P>|t|     [95% Conf. Interval]
-------------+----------------------------------------------------------------
    manu_all |   .1291458   .0043805    29.48   0.000     .1205598    .1377317
       _cons |    11.4988   .0352193   326.49   0.000     11.42976    11.56783
------------------------------------------------------------------------------
Instrumented:  manu_all
Instruments:   labor_reg
------------------------------------------------------------------------------
(est1 stored)

. 
. * b
. eststo: xi: ivreg gva_ln_yearly (manu_all = labor_reg) i.state, first robust
i.state           _Istate_1-15        (_Istate_1 for state==Andhra Pradesh omitted)

First-stage regressions
-----------------------

      Source |       SS           df       MS      Number of obs   =    28,646
-------------+----------------------------------   F(14, 28631)    =         .
       Model |  586792.841        14  41913.7744   Prob > F        =         .
    Residual |           0    28,631           0   R-squared       =    1.0000
-------------+----------------------------------   Adj R-squared   =    1.0000
       Total |  586792.841    28,645  20.4850006   Root MSE        =         0

------------------------------------------------------------------------------
    manu_all |      Coef.   Std. Err.      t    P>|t|     [95% Conf. Interval]
-------------+----------------------------------------------------------------
   _Istate_2 |          0  (omitted)
   _Istate_3 |       -6.8          .        .       .            .           .
   _Istate_4 |        7.3          .        .       .            .           .
   _Istate_5 |       -1.1          .        .       .            .           .
   _Istate_6 |  -.2000003          .        .       .            .           .
   _Istate_7 |       -4.1          .        .       .            .           .
   _Istate_8 |      -12.1          .        .       .            .           .
   _Istate_9 |        2.8          .        .       .            .           .
  _Istate_10 |         16          .        .       .            .           .
  _Istate_11 |       -3.6          .        .       .            .           .
  _Istate_12 |       -1.1          .        .       .            .           .
  _Istate_13 |        2.5          .        .       .            .           .
  _Istate_14 |       -4.5          .        .       .            .           .
  _Istate_15 |       -3.9          .        .       .            .           .
   labor_reg |       -2.5          .        .       .            .           .
       _cons |       10.3          .        .       .            .           .
------------------------------------------------------------------------------


Instrumental variables (2SLS) regression        Number of obs     =     28,646
                                                F(14, 28631)      =     155.98
                                                Prob > F          =     0.0000
                                                R-squared         =     0.0677
                                                Root MSE          =     1.2985

------------------------------------------------------------------------------
             |               Robust
gva_ln_yea~y |      Coef.   Std. Err.      t    P>|t|     [95% Conf. Interval]
-------------+----------------------------------------------------------------
    manu_all |   -.031377   .0025697   -12.21   0.000    -.0364137   -.0263403
   _Istate_2 |  -.1509567   .0453115    -3.33   0.001    -.2397694   -.0621441
   _Istate_3 |  -.6397495   .0397147   -16.11   0.000    -.7175922   -.5619068
   _Istate_4 |   .4567618   .0439121    10.40   0.000     .3706919    .5428316
   _Istate_5 |   .0961441    .045965     2.09   0.036     .0060505    .1862376
   _Istate_6 |   .2775148   .0482106     5.76   0.000     .1830198    .3720098
   _Istate_7 |   .2530126     .04179     6.05   0.000     .1711023     .334923
   _Istate_8 |  -.7713935   .0491031   -15.71   0.000    -.8676378   -.6751492
   _Istate_9 |   .6059173   .0301565    20.09   0.000     .5468092    .6650254
  _Istate_10 |          0  (omitted)
  _Istate_11 |   .0608866    .045112     1.35   0.177     -.027535    .1493083
  _Istate_12 |  -.1472295   .0384481    -3.83   0.000    -.2225896   -.0718694
  _Istate_13 |   .1415948   .0343185     4.13   0.000     .0743289    .2088607
  _Istate_14 |  -.4546724   .0332964   -13.66   0.000    -.5199348   -.3894099
  _Istate_15 |  -.2205593   .0400995    -5.50   0.000    -.2991563   -.1419624
       _cons |   12.76284   .0387298   329.54   0.000     12.68693    12.83875
------------------------------------------------------------------------------
Instrumented:  manu_all
Instruments:   _Istate_2 _Istate_3 _Istate_4 _Istate_5 _Istate_6 _Istate_7
               _Istate_8 _Istate_9 _Istate_10 _Istate_11 _Istate_12
               _Istate_13 _Istate_14 _Istate_15 labor_reg
------------------------------------------------------------------------------
(est2 stored)

. 
. * c
. eststo: xi: ivreg gva_ln_yearly labor_reg manu_all post (manu_post = labor_reg_post) i.state i.nic_io, firs
> t robust
i.state           _Istate_1-15        (_Istate_1 for state==Andhra Pradesh omitted)
i.nic_io          _Inic_io_1-9        (naturally coded; _Inic_io_1 omitted)

First-stage regressions
-----------------------

      Source |       SS           df       MS      Number of obs   =    25,487
-------------+----------------------------------   F(23, 25463)    =   5463.76
       Model |  392440.831        23  17062.6448   Prob > F        =    0.0000
    Residual |  79517.8303    25,463  3.12287752   R-squared       =    0.8315
-------------+----------------------------------   Adj R-squared   =    0.8314
       Total |  471958.661    25,486  18.5183497   Root MSE        =    1.7672

--------------------------------------------------------------------------------
     manu_post |      Coef.   Std. Err.      t    P>|t|     [95% Conf. Interval]
---------------+----------------------------------------------------------------
     labor_reg |  -1.035093   .0535001   -19.35   0.000    -1.139956   -.9302293
      manu_all |   .2422692   .0030467    79.52   0.000     .2362975     .248241
          post |   6.103292   .0384275   158.83   0.000     6.027971    6.178612
     _Istate_2 |   .1268783   .0824936     1.54   0.124    -.0348138    .2885703
     _Istate_3 |   .2977683   .0607998     4.90   0.000     .1785972    .4169394
     _Istate_4 |   .7807384   .0700559    11.14   0.000     .6434248     .918052
     _Istate_5 |    .116336   .0805681     1.44   0.149    -.0415821     .274254
     _Istate_6 |   .0145725   .0609608     0.24   0.811    -.1049141    .1340591
     _Istate_7 |  -.0016651   .0605671    -0.03   0.978      -.12038    .1170498
     _Istate_8 |          0  (omitted)
     _Istate_9 |   .1833135   .0448227     4.09   0.000     .0954585    .2711686
    _Istate_10 |          0  (omitted)
    _Istate_11 |   .0267499   .0701151     0.38   0.703    -.1106797    .1641796
    _Istate_12 |   .0766671   .0663759     1.16   0.248    -.0534334    .2067675
    _Istate_13 |   .2087761   .0519471     4.02   0.000     .1069567    .3105955
    _Istate_14 |   .0162316   .0476721     0.34   0.733    -.0772085    .1096716
    _Istate_15 |  -.0060326    .052879    -0.11   0.909    -.1096784    .0976132
    _Inic_io_2 |  -.0523304   .1238324    -0.42   0.673    -.2950489    .1903882
    _Inic_io_3 |    .030669   .1267528     0.24   0.809    -.2177738    .2791118
    _Inic_io_4 |  -.1035758   .1338356    -0.77   0.439    -.3659013    .1587497
    _Inic_io_6 |  -.0511563   .1172803    -0.44   0.663    -.2810323    .1787197
    _Inic_io_7 |  -.0607522   .1570002    -0.39   0.699    -.3684816    .2469771
    _Inic_io_8 |  -.0385249   .1174664    -0.33   0.743    -.2687658     .191716
    _Inic_io_9 |   -.066517   .1204753    -0.55   0.581    -.3026554    .1696214
labor_reg_post |   3.683038   .0512486    71.87   0.000     3.582588    3.783488
         _cons |  -1.436785   .1214777   -11.83   0.000    -1.674888   -1.198681
--------------------------------------------------------------------------------


Instrumental variables (2SLS) regression        Number of obs     =     25,487
                                                F(23, 25463)      =     146.54
                                                Prob > F          =     0.0000
                                                R-squared         =     0.1213
                                                Root MSE          =     1.1974

------------------------------------------------------------------------------
             |               Robust
gva_ln_yea~y |      Coef.   Std. Err.      t    P>|t|     [95% Conf. Interval]
-------------+----------------------------------------------------------------
   manu_post |   .0864496   .0105265     8.21   0.000     .0658171    .1070821
   labor_reg |   .3743463     .03292    11.37   0.000     .3098212    .4388713
    manu_all |  -.0242198   .0032206    -7.52   0.000    -.0305323   -.0179073
        post |  -.3964955   .0869951    -4.56   0.000    -.5670108   -.2259802
   _Istate_2 |     .19508   .0467173     4.18   0.000     .1035114    .2866486
   _Istate_3 |  -.0995431   .0325005    -3.06   0.002     -.163246   -.0358402
   _Istate_4 |   .1315776    .047709     2.76   0.006     .0380653    .2250899
   _Istate_5 |   .4111513   .0466548     8.81   0.000     .3197053    .5025974
   _Istate_6 |   .2224054    .042322     5.26   0.000     .1394518     .305359
   _Istate_7 |   .7194627   .0398214    18.07   0.000     .6414105    .7975149
   _Istate_8 |          0  (omitted)
   _Istate_9 |   .4885379   .0309091    15.81   0.000     .4279543    .5491214
  _Istate_10 |          0  (omitted)
  _Istate_11 |   .4686624   .0437394    10.71   0.000     .3829308    .5543941
  _Istate_12 |  -.0317434    .038203    -0.83   0.406    -.1066236    .0431367
  _Istate_13 |   .0010699   .0345623     0.03   0.975    -.0666743     .068814
  _Istate_14 |   .0111532   .0296003     0.38   0.706     -.046865    .0691714
  _Istate_15 |   .2297504   .0387283     5.93   0.000     .1538407      .30566
  _Inic_io_2 |  -.2168729   .0619809    -3.50   0.000     -.338359   -.0953868
  _Inic_io_3 |   .1084377   .0699966     1.55   0.121    -.0287597    .2456351
  _Inic_io_4 |  -.5186774   .0783544    -6.62   0.000    -.6722565   -.3650984
  _Inic_io_6 |  -.8875899   .0573412   -15.48   0.000    -.9999818   -.7751979
  _Inic_io_7 |  -.6090263   .1121537    -5.43   0.000     -.828854   -.3891986
  _Inic_io_8 |  -.7586142   .0580263   -13.07   0.000    -.8723491   -.6448793
  _Inic_io_9 |   -.328866   .0618781    -5.31   0.000    -.4501506   -.2075815
       _cons |   12.93608   .0632394   204.56   0.000     12.81213    13.06004
------------------------------------------------------------------------------
Instrumented:  manu_post
Instruments:   labor_reg manu_all post _Istate_2 _Istate_3 _Istate_4
               _Istate_5 _Istate_6 _Istate_7 _Istate_8 _Istate_9 _Istate_10
               _Istate_11 _Istate_12 _Istate_13 _Istate_14 _Istate_15
               _Inic_io_2 _Inic_io_3 _Inic_io_4 _Inic_io_6 _Inic_io_7
               _Inic_io_8 _Inic_io_9 labor_reg_post
------------------------------------------------------------------------------
(est3 stored)

. 
. esttab 

------------------------------------------------------------
                      (1)             (2)             (3)   
             gva_ln_yea~y    gva_ln_yea~y    gva_ln_yea~y   
------------------------------------------------------------
manu_all            0.129***      -0.0314***      -0.0242***
                  (29.48)        (-12.21)         (-7.52)   

_Istate_2                          -0.151***        0.195***
                                  (-3.33)          (4.18)   

_Istate_3                          -0.640***      -0.0995** 
                                 (-16.11)         (-3.06)   

_Istate_4                           0.457***        0.132** 
                                  (10.40)          (2.76)   

_Istate_5                          0.0961*          0.411***
                                   (2.09)          (8.81)   

_Istate_6                           0.278***        0.222***
                                   (5.76)          (5.26)   

_Istate_7                           0.253***        0.719***
                                   (6.05)         (18.07)   

_Istate_8                          -0.771***            0   
                                 (-15.71)             (.)   

_Istate_9                           0.606***        0.489***
                                  (20.09)         (15.81)   

_Istate_10                              0               0   
                                      (.)             (.)   

_Istate_11                         0.0609           0.469***
                                   (1.35)         (10.71)   

_Istate_12                         -0.147***      -0.0317   
                                  (-3.83)         (-0.83)   

_Istate_13                          0.142***      0.00107   
                                   (4.13)          (0.03)   

_Istate_14                         -0.455***       0.0112   
                                 (-13.66)          (0.38)   

_Istate_15                         -0.221***        0.230***
                                  (-5.50)          (5.93)   

manu_post                                          0.0864***
                                                   (8.21)   

labor_reg                                           0.374***
                                                  (11.37)   

post                                               -0.396***
                                                  (-4.56)   

_Inic_io_2                                         -0.217***
                                                  (-3.50)   

_Inic_io_3                                          0.108   
                                                   (1.55)   

_Inic_io_4                                         -0.519***
                                                  (-6.62)   

_Inic_io_6                                         -0.888***
                                                 (-15.48)   

_Inic_io_7                                         -0.609***
                                                  (-5.43)   

_Inic_io_8                                         -0.759***
                                                 (-13.07)   

_Inic_io_9                                         -0.329***
                                                  (-5.31)   

_cons               11.50***        12.76***        12.94***
                 (326.49)        (329.54)        (204.56)   
------------------------------------------------------------
N                   28646           28646           25487   
------------------------------------------------------------
t statistics in parentheses
* p<0.05, ** p<0.01, *** p<0.001

. 
. xi: ivreg2 gva_ln_yearly labor_reg manu_all post (manu_post = labor_reg_post) i.state i.nic_io, first robus
> t
i.state           _Istate_1-15        (_Istate_1 for state==Andhra Pradesh omitted)
i.nic_io          _Inic_io_1-9        (naturally coded; _Inic_io_1 omitted)
Warning - collinearities detected
Vars dropped:       _Istate_14 _Istate_15

First-stage regressions
-----------------------


First-stage regression of manu_post:

Statistics robust to heteroskedasticity
Number of obs =                  25487
--------------------------------------------------------------------------------
               |               Robust
     manu_post |      Coef.   Std. Err.      t    P>|t|     [95% Conf. Interval]
---------------+----------------------------------------------------------------
labor_reg_post |   3.683038   .0854366    43.11   0.000     3.515577    3.850499
     labor_reg |  -.9771103   .0330278   -29.58   0.000    -1.041847   -.9123739
      manu_all |   .2051623    .011443    17.93   0.000     .1827334    .2275913
          post |   6.103292   .0819768    74.45   0.000     5.942612    6.263971
     _Istate_2 |   .2776277   .0881773     3.15   0.002     .1047952    .4504602
     _Istate_3 |   .1961908   .0367298     5.34   0.000     .1241983    .2681834
     _Istate_4 |   1.051619   .1164614     9.03   0.000     .8233477     1.27989
     _Istate_5 |   .2262678   .0663646     3.41   0.001     .0961895    .3563462
     _Istate_6 |   .0071511   .0341744     0.21   0.834    -.0598328    .0741349
     _Istate_7 |  -.0030539   .0043836    -0.70   0.486    -.0116461    .0055382
     _Istate_8 |  -.2982439   .1149661    -2.59   0.009    -.5235841   -.0729037
     _Istate_9 |   .2872128   .0352182     8.16   0.000     .2181831    .3562426
    _Istate_10 |   .7444596   .4504918     1.65   0.098    -.1385301    1.627449
    _Istate_11 |   .0439146    .012584     3.49   0.000     .0192491      .06858
    _Istate_12 |   .0358495   .0485564     0.74   0.460    -.0593238    .1310227
    _Istate_13 |   .3015433   .0331277     9.10   0.000     .2366111    .3664755
    _Istate_14 |          0  (omitted)
    _Istate_15 |          0  (omitted)
    _Inic_io_2 |  -.0523304   .0890629    -0.59   0.557    -.2268988    .1222381
    _Inic_io_3 |    .030669   .0819598     0.37   0.708    -.1299769     .191315
    _Inic_io_4 |  -.1035758   .0934082    -1.11   0.268    -.2866612    .0795096
    _Inic_io_6 |  -.0511563   .0772318    -0.66   0.508    -.2025349    .1002223
    _Inic_io_7 |  -.0607522   .1220803    -0.50   0.619    -.3000365     .178532
    _Inic_io_8 |  -.0385249   .0773364    -0.50   0.618    -.1901086    .1130588
    _Inic_io_9 |   -.066517   .0803188    -0.83   0.408    -.2239464    .0909124
         _cons |  -1.205333   .1076467   -11.20   0.000    -1.416327   -.9943394
--------------------------------------------------------------------------------
F test of excluded instruments:
  F(  1, 25463) =  1858.33
  Prob > F      =   0.0000
Sanderson-Windmeijer multivariate F test of excluded instruments:
  F(  1, 25463) =  1858.33
  Prob > F      =   0.0000



Summary results for first-stage regressions
-------------------------------------------

                                           (Underid)            (Weak id)
Variable     | F(  1, 25463)  P-val | SW Chi-sq(  1) P-val | SW F(  1, 25463)
manu_post    |    1858.33    0.0000 |     1860.09   0.0000 |     1858.33

NB: first-stage test statistics heteroskedasticity-robust

Stock-Yogo weak ID F test critical values for single endogenous regressor:
                                   10% maximal IV size             16.38
                                   15% maximal IV size              8.96
                                   20% maximal IV size              6.66
                                   25% maximal IV size              5.53
Source: Stock-Yogo (2005).  Reproduced by permission.
NB: Critical values are for i.i.d. errors only.

Underidentification test
Ho: matrix of reduced form coefficients has rank=K1-1 (underidentified)
Ha: matrix has rank=K1 (identified)
Kleibergen-Paap rk LM statistic          Chi-sq(1)=1557.20  P-val=0.0000

Weak identification test
Ho: equation is weakly identified
Cragg-Donald Wald F statistic                                    5164.73
Kleibergen-Paap Wald rk F statistic                              1858.33

Stock-Yogo weak ID test critical values for K1=1 and L1=1:
                                   10% maximal IV size             16.38
                                   15% maximal IV size              8.96
                                   20% maximal IV size              6.66
                                   25% maximal IV size              5.53
Source: Stock-Yogo (2005).  Reproduced by permission.
NB: Critical values are for Cragg-Donald F statistic and i.i.d. errors.

Weak-instrument-robust inference
Tests of joint significance of endogenous regressors B1 in main equation
Ho: B1=0 and orthogonality conditions are valid
Anderson-Rubin Wald test           F(1,25463)=    69.29     P-val=0.0000
Anderson-Rubin Wald test           Chi-sq(1)=     69.36     P-val=0.0000
Stock-Wright LM S statistic        Chi-sq(1)=     74.21     P-val=0.0000

NB: Underidentification, weak identification and weak-identification-robust
    test statistics heteroskedasticity-robust

Number of observations               N  =      25487
Number of regressors                 K  =         24
Number of endogenous regressors      K1 =          1
Number of instruments                L  =         24
Number of excluded instruments       L1 =          1

IV (2SLS) estimation
--------------------

Estimates efficient for homoskedasticity only
Statistics robust to heteroskedasticity

                                                      Number of obs =    25487
                                                      F( 23, 25463) =   146.54
                                                      Prob > F      =   0.0000
Total (centered) SS     =  41550.08701                Centered R2   =   0.1213
Total (uncentered) SS   =  4049577.148                Uncentered R2 =   0.9910
Residual SS             =   36510.7205                Root MSE      =    1.197

------------------------------------------------------------------------------
             |               Robust
gva_ln_yea~y |      Coef.   Std. Err.      z    P>|z|     [95% Conf. Interval]
-------------+----------------------------------------------------------------
   manu_post |   .0864496   .0105215     8.22   0.000     .0658278    .1070714
   labor_reg |  -.3654644   .1157649    -3.16   0.002    -.5923593   -.1385694
    manu_all |   .3401089   .0612578     5.55   0.000     .2200458    .4601721
        post |  -.3964955   .0869541    -4.56   0.000    -.5669224   -.2260686
   _Istate_2 |  -1.455552   .2675795    -5.44   0.000    -1.979999   -.9311062
   _Istate_3 |   .7272598   .1528878     4.76   0.000     .4276053    1.026914
   _Istate_4 |  -2.528022   .4464271    -5.66   0.000    -3.403003   -1.653041
   _Istate_5 |  -.8387194   .2022408    -4.15   0.000    -1.235104   -.4423346
   _Istate_6 |   .2952712   .0441073     6.69   0.000     .2088224      .38172
   _Istate_7 |   .5625781   .0392213    14.34   0.000     .4857058    .6394505
   _Istate_8 |   2.757745   .4740351     5.82   0.000     1.828653    3.686837
   _Istate_9 |  -.5315826   .1729349    -3.07   0.002    -.8705289   -.1926364
  _Istate_10 |  -7.479892   1.240589    -6.03   0.000    -9.911401   -5.048382
  _Istate_11 |   .1296135   .0608585     2.13   0.033     .0103332    .2488939
  _Istate_12 |   .3690183   .0770336     4.79   0.000     .2180351    .5200015
  _Istate_13 |  -.9097519   .1558731    -5.84   0.000    -1.215258   -.6042463
  _Istate_14 |          0  (omitted)
  _Istate_15 |          0  (omitted)
  _Inic_io_2 |  -.2168729   .0619517    -3.50   0.000     -.338296   -.0954498
  _Inic_io_3 |   .1084377   .0699637     1.55   0.121    -.0286886    .2455639
  _Inic_io_4 |  -.5186774   .0783175    -6.62   0.000    -.6721768   -.3651781
  _Inic_io_6 |  -.8875899   .0573142   -15.49   0.000    -.9999235   -.7752562
  _Inic_io_7 |  -.6090263   .1121009    -5.43   0.000      -.82874   -.3893126
  _Inic_io_8 |  -.7586142    .057999   -13.08   0.000    -.8722901   -.6449382
  _Inic_io_9 |   -.328866   .0618489    -5.32   0.000    -.4500877   -.2076444
       _cons |   10.83413   .3735694    29.00   0.000     10.10195    11.56631
------------------------------------------------------------------------------
Underidentification test (Kleibergen-Paap rk LM statistic):           1557.198
                                                   Chi-sq(1) P-val =    0.0000
------------------------------------------------------------------------------
Weak identification test (Cragg-Donald Wald F statistic):             5164.730
                         (Kleibergen-Paap rk Wald F statistic):       1858.335
Stock-Yogo weak ID test critical values: 10% maximal IV size             16.38
                                         15% maximal IV size              8.96
                                         20% maximal IV size              6.66
                                         25% maximal IV size              5.53
Source: Stock-Yogo (2005).  Reproduced by permission.
NB: Critical values are for Cragg-Donald F statistic and i.i.d. errors.
------------------------------------------------------------------------------
Hansen J statistic (overidentification test of all instruments):         0.000
                                                 (equation exactly identified)
------------------------------------------------------------------------------
Instrumented:         manu_post
Included instruments: labor_reg manu_all post _Istate_2 _Istate_3 _Istate_4
                      _Istate_5 _Istate_6 _Istate_7 _Istate_8 _Istate_9
                      _Istate_10 _Istate_11 _Istate_12 _Istate_13 _Inic_io_2
                      _Inic_io_3 _Inic_io_4 _Inic_io_6 _Inic_io_7 _Inic_io_8
                      _Inic_io_9
Excluded instruments: labor_reg_post
Dropped collinear:    _Istate_14 _Istate_15
------------------------------------------------------------------------------

. 
. 
. * d
. 
. * (see write up)
. 
. 
. ************************************************************
. ************************************************************
. ********************    END PROGRAM    *********************
. ************************************************************
. ************************************************************
. log close
      name:  <unnamed>
       log:  H:\GitHub\aem\ps2\ps2.log
  log type:  text
 closed on:   1 Nov 2016, 23:43:54
-------------------------------------------------------------------------------------------------------------
